{"C:\\Users\\Nicole\\Documents\\GitHub\\Nicole_Grima_CCD6.3A - AFD\\portfolio\\src\\components\\ContactForm\\ContactForm.tsx": {"path":"C:\\Users\\Nicole\\Documents\\GitHub\\Nicole_Grima_CCD6.3A - AFD\\portfolio\\src\\components\\ContactForm\\ContactForm.tsx","statementMap":{"0":{"start":{"line":16,"column":13},"end":{"line":146,"column":null}},"1":{"start":{"line":18,"column":4},"end":{"line":144,"column":null}},"2":{"start":{"line":148,"column":0},"end":{"line":148,"column":null}}},"fnMap":{"0":{"name":"(anonymous_0)","decl":{"start":{"line":17,"column":2},"end":{"line":17,"column":3}},"loc":{"start":{"line":18,"column":4},"end":{"line":144,"column":null}},"line":18}},"branchMap":{"0":{"loc":{"start":{"line":25,"column":9},"end":{"line":25,"column":null}},"type":"binary-expr","locations":[{"start":{"line":25,"column":9},"end":{"line":25,"column":20}},{"start":{"line":25,"column":20},"end":{"line":25,"column":null}}],"line":25},"1":{"loc":{"start":{"line":27,"column":9},"end":{"line":30,"column":null}},"type":"binary-expr","locations":[{"start":{"line":27,"column":9},"end":{"line":27,"column":null}},{"start":{"line":28,"column":10},"end":{"line":30,"column":null}}],"line":27},"2":{"loc":{"start":{"line":37,"column":21},"end":{"line":37,"column":null}},"type":"cond-expr","locations":[{"start":{"line":37,"column":31},"end":{"line":37,"column":40}},{"start":{"line":37,"column":40},"end":{"line":37,"column":null}}],"line":37},"3":{"loc":{"start":{"line":51,"column":46},"end":{"line":51,"column":82}},"type":"cond-expr","locations":[{"start":{"line":51,"column":60},"end":{"line":51,"column":80}},{"start":{"line":51,"column":80},"end":{"line":51,"column":82}}],"line":51},"4":{"loc":{"start":{"line":52,"column":34},"end":{"line":52,"column":null}},"type":"cond-expr","locations":[{"start":{"line":52,"column":48},"end":{"line":52,"column":63}},{"start":{"line":52,"column":63},"end":{"line":52,"column":null}}],"line":52},"5":{"loc":{"start":{"line":57,"column":15},"end":{"line":60,"column":null}},"type":"binary-expr","locations":[{"start":{"line":57,"column":15},"end":{"line":57,"column":null}},{"start":{"line":58,"column":16},"end":{"line":60,"column":null}}],"line":57},"6":{"loc":{"start":{"line":75,"column":46},"end":{"line":75,"column":83}},"type":"cond-expr","locations":[{"start":{"line":75,"column":61},"end":{"line":75,"column":81}},{"start":{"line":75,"column":81},"end":{"line":75,"column":83}}],"line":75},"7":{"loc":{"start":{"line":76,"column":34},"end":{"line":76,"column":null}},"type":"cond-expr","locations":[{"start":{"line":76,"column":49},"end":{"line":76,"column":65}},{"start":{"line":76,"column":65},"end":{"line":76,"column":null}}],"line":76},"8":{"loc":{"start":{"line":80,"column":15},"end":{"line":83,"column":null}},"type":"binary-expr","locations":[{"start":{"line":80,"column":15},"end":{"line":80,"column":null}},{"start":{"line":81,"column":16},"end":{"line":83,"column":null}}],"line":80},"9":{"loc":{"start":{"line":99,"column":44},"end":{"line":99,"column":83}},"type":"cond-expr","locations":[{"start":{"line":99,"column":61},"end":{"line":99,"column":81}},{"start":{"line":99,"column":81},"end":{"line":99,"column":83}}],"line":99},"10":{"loc":{"start":{"line":100,"column":32},"end":{"line":100,"column":null}},"type":"cond-expr","locations":[{"start":{"line":100,"column":49},"end":{"line":100,"column":67}},{"start":{"line":100,"column":67},"end":{"line":100,"column":null}}],"line":100},"11":{"loc":{"start":{"line":104,"column":13},"end":{"line":107,"column":null}},"type":"binary-expr","locations":[{"start":{"line":104,"column":13},"end":{"line":104,"column":null}},{"start":{"line":105,"column":14},"end":{"line":107,"column":null}}],"line":104},"12":{"loc":{"start":{"line":121,"column":47},"end":{"line":121,"column":86}},"type":"cond-expr","locations":[{"start":{"line":121,"column":64},"end":{"line":121,"column":84}},{"start":{"line":121,"column":84},"end":{"line":121,"column":86}}],"line":121},"13":{"loc":{"start":{"line":122,"column":32},"end":{"line":122,"column":null}},"type":"cond-expr","locations":[{"start":{"line":122,"column":49},"end":{"line":122,"column":67}},{"start":{"line":122,"column":67},"end":{"line":122,"column":null}}],"line":122},"14":{"loc":{"start":{"line":126,"column":13},"end":{"line":129,"column":null}},"type":"binary-expr","locations":[{"start":{"line":126,"column":13},"end":{"line":126,"column":null}},{"start":{"line":127,"column":14},"end":{"line":129,"column":null}}],"line":126},"15":{"loc":{"start":{"line":136,"column":43},"end":{"line":136,"column":79}},"type":"cond-expr","locations":[{"start":{"line":136,"column":53},"end":{"line":136,"column":77}},{"start":{"line":136,"column":77},"end":{"line":136,"column":79}}],"line":136},"16":{"loc":{"start":{"line":140,"column":13},"end":{"line":140,"column":null}},"type":"cond-expr","locations":[{"start":{"line":140,"column":23},"end":{"line":140,"column":38}},{"start":{"line":140,"column":38},"end":{"line":140,"column":null}}],"line":140}},"s":{"0":1,"1":11,"2":1},"f":{"0":11},"b":{"0":[11,1],"1":[11,1],"2":[1,10],"3":[1,10],"4":[1,10],"5":[11,1],"6":[1,10],"7":[1,10],"8":[11,1],"9":[0,11],"10":[0,11],"11":[11,0],"12":[0,11],"13":[0,11],"14":[11,0],"15":[1,10],"16":[1,10]},"meta":{"lastBranch":17,"lastFunction":1,"lastStatement":3,"seen":{"s:16:13:146:Infinity":0,"f:17:2:17:3":0,"s:18:4:144:Infinity":1,"b:25:9:25:20:25:20:25:Infinity":0,"b:27:9:27:Infinity:28:10:30:Infinity":1,"b:37:31:37:40:37:40:37:Infinity":2,"b:51:60:51:80:51:80:51:82":3,"b:52:48:52:63:52:63:52:Infinity":4,"b:57:15:57:Infinity:58:16:60:Infinity":5,"b:75:61:75:81:75:81:75:83":6,"b:76:49:76:65:76:65:76:Infinity":7,"b:80:15:80:Infinity:81:16:83:Infinity":8,"b:99:61:99:81:99:81:99:83":9,"b:100:49:100:67:100:67:100:Infinity":10,"b:104:13:104:Infinity:105:14:107:Infinity":11,"b:121:64:121:84:121:84:121:86":12,"b:122:49:122:67:122:67:122:Infinity":13,"b:126:13:126:Infinity:127:14:129:Infinity":14,"b:136:53:136:77:136:77:136:79":15,"b:140:23:140:38:140:38:140:Infinity":16,"s:148:0:148:Infinity":2}}}
,"C:\\Users\\Nicole\\Documents\\GitHub\\Nicole_Grima_CCD6.3A - AFD\\portfolio\\src\\components\\ErrorBoundary\\ErrorBoundary.module.css": {"path":"C:\\Users\\Nicole\\Documents\\GitHub\\Nicole_Grima_CCD6.3A - AFD\\portfolio\\src\\components\\ErrorBoundary\\ErrorBoundary.module.css","statementMap":{},"fnMap":{},"branchMap":{},"s":{},"f":{},"b":{},"meta":{"lastBranch":0,"lastFunction":0,"lastStatement":0,"seen":{}}}
,"C:\\Users\\Nicole\\Documents\\GitHub\\Nicole_Grima_CCD6.3A - AFD\\portfolio\\src\\components\\ErrorBoundary\\ErrorBoundary.tsx": {"path":"C:\\Users\\Nicole\\Documents\\GitHub\\Nicole_Grima_CCD6.3A - AFD\\portfolio\\src\\components\\ErrorBoundary\\ErrorBoundary.tsx","statementMap":{"0":{"start":{"line":16,"column":4},"end":{"line":16,"column":null}},"1":{"start":{"line":17,"column":4},"end":{"line":17,"column":null}},"2":{"start":{"line":21,"column":4},"end":{"line":21,"column":null}},"3":{"start":{"line":25,"column":4},"end":{"line":25,"column":null}},"4":{"start":{"line":29,"column":4},"end":{"line":43,"column":null}},"5":{"start":{"line":30,"column":6},"end":{"line":41,"column":null}},"6":{"start":{"line":35,"column":27},"end":{"line":35,"column":null}},"7":{"start":{"line":45,"column":4},"end":{"line":45,"column":null}}},"fnMap":{"0":{"name":"(anonymous_0)","decl":{"start":{"line":15,"column":2},"end":{"line":15,"column":14}},"loc":{"start":{"line":15,"column":28},"end":{"line":18,"column":null}},"line":15},"1":{"name":"(anonymous_1)","decl":{"start":{"line":20,"column":9},"end":{"line":20,"column":34}},"loc":{"start":{"line":20,"column":48},"end":{"line":22,"column":null}},"line":20},"2":{"name":"(anonymous_2)","decl":{"start":{"line":24,"column":2},"end":{"line":24,"column":20}},"loc":{"start":{"line":24,"column":62},"end":{"line":26,"column":null}},"line":24},"3":{"name":"(anonymous_3)","decl":{"start":{"line":28,"column":2},"end":{"line":28,"column":11}},"loc":{"start":{"line":28,"column":11},"end":{"line":46,"column":null}},"line":28},"4":{"name":"(anonymous_4)","decl":{"start":{"line":35,"column":21},"end":{"line":35,"column":27}},"loc":{"start":{"line":35,"column":27},"end":{"line":35,"column":null}},"line":35}},"branchMap":{"0":{"loc":{"start":{"line":29,"column":4},"end":{"line":43,"column":null}},"type":"if","locations":[{"start":{"line":29,"column":4},"end":{"line":43,"column":null}},{"start":{},"end":{}}],"line":29}},"s":{"0":6,"1":6,"2":8,"3":4,"4":17,"5":8,"6":2,"7":9},"f":{"0":6,"1":1,"2":4,"3":17,"4":2},"b":{"0":[8,9]},"meta":{"lastBranch":1,"lastFunction":5,"lastStatement":8,"seen":{"f:15:2:15:14":0,"s:16:4:16:Infinity":0,"s:17:4:17:Infinity":1,"f:20:9:20:34":1,"s:21:4:21:Infinity":2,"f:24:2:24:20":2,"s:25:4:25:Infinity":3,"f:28:2:28:11":3,"b:29:4:43:Infinity:undefined:undefined:undefined:undefined":0,"s:29:4:43:Infinity":4,"s:30:6:41:Infinity":5,"f:35:21:35:27":4,"s:35:27:35:Infinity":6,"s:45:4:45:Infinity":7}}}
,"C:\\Users\\Nicole\\Documents\\GitHub\\Nicole_Grima_CCD6.3A - AFD\\portfolio\\src\\components\\Footer\\Footer.module.css": {"path":"C:\\Users\\Nicole\\Documents\\GitHub\\Nicole_Grima_CCD6.3A - AFD\\portfolio\\src\\components\\Footer\\Footer.module.css","statementMap":{},"fnMap":{},"branchMap":{},"s":{},"f":{},"b":{},"meta":{"lastBranch":0,"lastFunction":0,"lastStatement":0,"seen":{}}}
,"C:\\Users\\Nicole\\Documents\\GitHub\\Nicole_Grima_CCD6.3A - AFD\\portfolio\\src\\components\\Footer\\Footer.tsx": {"path":"C:\\Users\\Nicole\\Documents\\GitHub\\Nicole_Grima_CCD6.3A - AFD\\portfolio\\src\\components\\Footer\\Footer.tsx","statementMap":{"0":{"start":{"line":5,"column":19},"end":{"line":10,"column":null}},"1":{"start":{"line":12,"column":20},"end":{"line":39,"column":null}},"2":{"start":{"line":41,"column":6},"end":{"line":103,"column":null}},"3":{"start":{"line":42,"column":8},"end":{"line":42,"column":null}},"4":{"start":{"line":42,"column":23},"end":{"line":42,"column":55}},"5":{"start":{"line":44,"column":2},"end":{"line":101,"column":null}},"6":{"start":{"line":56,"column":16},"end":{"line":63,"column":null}},"7":{"start":{"line":72,"column":16},"end":{"line":74,"column":null}},"8":{"start":{"line":105,"column":0},"end":{"line":105,"column":null}}},"fnMap":{"0":{"name":"(anonymous_0)","decl":{"start":{"line":41,"column":20},"end":{"line":41,"column":26}},"loc":{"start":{"line":41,"column":26},"end":{"line":103,"column":1}},"line":41},"1":{"name":"(anonymous_1)","decl":{"start":{"line":42,"column":23},"end":{"line":42,"column":29}},"loc":{"start":{"line":42,"column":23},"end":{"line":42,"column":55}},"line":42},"2":{"name":"(anonymous_2)","decl":{"start":{"line":55,"column":31},"end":{"line":55,"column":32}},"loc":{"start":{"line":56,"column":16},"end":{"line":63,"column":null}},"line":56},"3":{"name":"(anonymous_3)","decl":{"start":{"line":71,"column":30},"end":{"line":71,"column":31}},"loc":{"start":{"line":72,"column":16},"end":{"line":74,"column":null}},"line":72}},"branchMap":{},"s":{"0":1,"1":1,"2":1,"3":7,"4":7,"5":7,"6":14,"7":28,"8":1},"f":{"0":7,"1":7,"2":14,"3":28},"b":{},"meta":{"lastBranch":0,"lastFunction":4,"lastStatement":9,"seen":{"s:5:19:10:Infinity":0,"s:12:20:39:Infinity":1,"s:41:6:103:Infinity":2,"f:41:20:41:26":0,"s:42:8:42:Infinity":3,"f:42:23:42:29":1,"s:42:23:42:55":4,"s:44:2:101:Infinity":5,"f:55:31:55:32":2,"s:56:16:63:Infinity":6,"f:71:30:71:31":3,"s:72:16:74:Infinity":7,"s:105:0:105:Infinity":8}}}
,"C:\\Users\\Nicole\\Documents\\GitHub\\Nicole_Grima_CCD6.3A - AFD\\portfolio\\src\\components\\HeroSection\\HeroSection.tsx": {"path":"C:\\Users\\Nicole\\Documents\\GitHub\\Nicole_Grima_CCD6.3A - AFD\\portfolio\\src\\components\\HeroSection\\HeroSection.tsx","statementMap":{"0":{"start":{"line":10,"column":13},"end":{"line":74,"column":null}},"1":{"start":{"line":12,"column":4},"end":{"line":72,"column":null}},"2":{"start":{"line":76,"column":0},"end":{"line":76,"column":null}}},"fnMap":{"0":{"name":"(anonymous_0)","decl":{"start":{"line":11,"column":2},"end":{"line":11,"column":3}},"loc":{"start":{"line":12,"column":4},"end":{"line":72,"column":null}},"line":12}},"branchMap":{"0":{"loc":{"start":{"line":53,"column":49},"end":{"line":53,"column":80}},"type":"cond-expr","locations":[{"start":{"line":53,"column":61},"end":{"line":53,"column":78}},{"start":{"line":53,"column":78},"end":{"line":53,"column":80}}],"line":53}},"s":{"0":1,"1":3,"2":1},"f":{"0":3},"b":{"0":[1,2]},"meta":{"lastBranch":1,"lastFunction":1,"lastStatement":3,"seen":{"s:10:13:74:Infinity":0,"f:11:2:11:3":0,"s:12:4:72:Infinity":1,"b:53:61:53:78:53:78:53:80":0,"s:76:0:76:Infinity":2}}}
,"C:\\Users\\Nicole\\Documents\\GitHub\\Nicole_Grima_CCD6.3A - AFD\\portfolio\\src\\components\\LoadingSpinner\\LoadingSpinner.module.css": {"path":"C:\\Users\\Nicole\\Documents\\GitHub\\Nicole_Grima_CCD6.3A - AFD\\portfolio\\src\\components\\LoadingSpinner\\LoadingSpinner.module.css","statementMap":{},"fnMap":{},"branchMap":{},"s":{},"f":{},"b":{},"meta":{"lastBranch":0,"lastFunction":0,"lastStatement":0,"seen":{}}}
,"C:\\Users\\Nicole\\Documents\\GitHub\\Nicole_Grima_CCD6.3A - AFD\\portfolio\\src\\components\\LoadingSpinner\\LoadingSpinner.tsx": {"path":"C:\\Users\\Nicole\\Documents\\GitHub\\Nicole_Grima_CCD6.3A - AFD\\portfolio\\src\\components\\LoadingSpinner\\LoadingSpinner.tsx","statementMap":{"0":{"start":{"line":4,"column":13},"end":{"line":11,"column":null}},"1":{"start":{"line":5,"column":2},"end":{"line":10,"column":null}},"2":{"start":{"line":13,"column":0},"end":{"line":13,"column":null}}},"fnMap":{"0":{"name":"(anonymous_0)","decl":{"start":{"line":4,"column":35},"end":{"line":4,"column":null}},"loc":{"start":{"line":5,"column":2},"end":{"line":10,"column":null}},"line":5}},"branchMap":{},"s":{"0":1,"1":2,"2":1},"f":{"0":2},"b":{},"meta":{"lastBranch":0,"lastFunction":1,"lastStatement":3,"seen":{"s:4:13:11:Infinity":0,"f:4:35:4:Infinity":0,"s:5:2:10:Infinity":1,"s:13:0:13:Infinity":2}}}
,"C:\\Users\\Nicole\\Documents\\GitHub\\Nicole_Grima_CCD6.3A - AFD\\portfolio\\src\\components\\Navbar\\Navbar.module.css": {"path":"C:\\Users\\Nicole\\Documents\\GitHub\\Nicole_Grima_CCD6.3A - AFD\\portfolio\\src\\components\\Navbar\\Navbar.module.css","statementMap":{},"fnMap":{},"branchMap":{},"s":{},"f":{},"b":{},"meta":{"lastBranch":0,"lastFunction":0,"lastStatement":0,"seen":{}}}
,"C:\\Users\\Nicole\\Documents\\GitHub\\Nicole_Grima_CCD6.3A - AFD\\portfolio\\src\\components\\Navbar\\Navbar.tsx": {"path":"C:\\Users\\Nicole\\Documents\\GitHub\\Nicole_Grima_CCD6.3A - AFD\\portfolio\\src\\components\\Navbar\\Navbar.tsx","statementMap":{"0":{"start":{"line":9,"column":6},"end":{"line":77,"column":null}},"1":{"start":{"line":10,"column":8},"end":{"line":10,"column":null}},"2":{"start":{"line":11,"column":8},"end":{"line":11,"column":null}},"3":{"start":{"line":11,"column":42},"end":{"line":11,"column":58}},"4":{"start":{"line":12,"column":30},"end":{"line":12,"column":null}},"5":{"start":{"line":14,"column":8},"end":{"line":16,"column":null}},"6":{"start":{"line":15,"column":4},"end":{"line":15,"column":null}},"7":{"start":{"line":18,"column":28},"end":{"line":18,"column":null}},"8":{"start":{"line":18,"column":34},"end":{"line":18,"column":null}},"9":{"start":{"line":18,"column":56},"end":{"line":18,"column":61}},"10":{"start":{"line":19,"column":29},"end":{"line":19,"column":null}},"11":{"start":{"line":19,"column":35},"end":{"line":19,"column":null}},"12":{"start":{"line":21,"column":2},"end":{"line":75,"column":null}},"13":{"start":{"line":79,"column":0},"end":{"line":79,"column":null}}},"fnMap":{"0":{"name":"(anonymous_0)","decl":{"start":{"line":9,"column":20},"end":{"line":9,"column":26}},"loc":{"start":{"line":9,"column":26},"end":{"line":77,"column":1}},"line":9},"1":{"name":"(anonymous_1)","decl":{"start":{"line":11,"column":31},"end":{"line":11,"column":32}},"loc":{"start":{"line":11,"column":42},"end":{"line":11,"column":58}},"line":11},"2":{"name":"(anonymous_2)","decl":{"start":{"line":14,"column":40},"end":{"line":14,"column":46}},"loc":{"start":{"line":14,"column":46},"end":{"line":16,"column":5}},"line":14},"3":{"name":"(anonymous_3)","decl":{"start":{"line":18,"column":28},"end":{"line":18,"column":34}},"loc":{"start":{"line":18,"column":34},"end":{"line":18,"column":null}},"line":18},"4":{"name":"(anonymous_4)","decl":{"start":{"line":18,"column":46},"end":{"line":18,"column":47}},"loc":{"start":{"line":18,"column":56},"end":{"line":18,"column":61}},"line":18},"5":{"name":"(anonymous_5)","decl":{"start":{"line":19,"column":29},"end":{"line":19,"column":35}},"loc":{"start":{"line":19,"column":35},"end":{"line":19,"column":null}},"line":19}},"branchMap":{"0":{"loc":{"start":{"line":29,"column":22},"end":{"line":29,"column":null}},"type":"cond-expr","locations":[{"start":{"line":29,"column":33},"end":{"line":29,"column":59}},{"start":{"line":29,"column":59},"end":{"line":29,"column":null}}],"line":29},"1":{"loc":{"start":{"line":40,"column":42},"end":{"line":40,"column":69}},"type":"cond-expr","locations":[{"start":{"line":40,"column":53},"end":{"line":40,"column":67}},{"start":{"line":40,"column":67},"end":{"line":40,"column":69}}],"line":40},"2":{"loc":{"start":{"line":65,"column":56},"end":{"line":65,"column":91}},"type":"cond-expr","locations":[{"start":{"line":65,"column":75},"end":{"line":65,"column":89}},{"start":{"line":65,"column":89},"end":{"line":65,"column":91}}],"line":65},"3":{"loc":{"start":{"line":66,"column":39},"end":{"line":66,"column":74}},"type":"cond-expr","locations":[{"start":{"line":66,"column":58},"end":{"line":66,"column":68}},{"start":{"line":66,"column":68},"end":{"line":66,"column":74}}],"line":66},"4":{"loc":{"start":{"line":68,"column":34},"end":{"line":68,"column":69}},"type":"cond-expr","locations":[{"start":{"line":68,"column":53},"end":{"line":68,"column":63}},{"start":{"line":68,"column":63},"end":{"line":68,"column":69}}],"line":68}},"s":{"0":1,"1":20,"2":20,"3":35,"4":20,"5":20,"6":2,"7":20,"8":3,"9":3,"10":20,"11":3,"12":20,"13":1},"f":{"0":20,"1":35,"2":2,"3":3,"4":3,"5":3},"b":{"0":[2,18],"1":[2,18],"2":[11,9],"3":[11,9],"4":[11,9]},"meta":{"lastBranch":5,"lastFunction":6,"lastStatement":14,"seen":{"s:9:6:77:Infinity":0,"f:9:20:9:26":0,"s:10:8:10:Infinity":1,"s:11:8:11:Infinity":2,"f:11:31:11:32":1,"s:11:42:11:58":3,"s:12:30:12:Infinity":4,"s:14:8:16:Infinity":5,"f:14:40:14:46":2,"s:15:4:15:Infinity":6,"s:18:28:18:Infinity":7,"f:18:28:18:34":3,"s:18:34:18:Infinity":8,"f:18:46:18:47":4,"s:18:56:18:61":9,"s:19:29:19:Infinity":10,"f:19:29:19:35":5,"s:19:35:19:Infinity":11,"s:21:2:75:Infinity":12,"b:29:33:29:59:29:59:29:Infinity":0,"b:40:53:40:67:40:67:40:69":1,"b:65:75:65:89:65:89:65:91":2,"b:66:58:66:68:66:68:66:74":3,"b:68:53:68:63:68:63:68:69":4,"s:79:0:79:Infinity":13}}}
,"C:\\Users\\Nicole\\Documents\\GitHub\\Nicole_Grima_CCD6.3A - AFD\\portfolio\\src\\components\\ProjectCard\\ProjectCard.tsx": {"path":"C:\\Users\\Nicole\\Documents\\GitHub\\Nicole_Grima_CCD6.3A - AFD\\portfolio\\src\\components\\ProjectCard\\ProjectCard.tsx","statementMap":{"0":{"start":{"line":10,"column":13},"end":{"line":39,"column":null}},"1":{"start":{"line":11,"column":8},"end":{"line":13,"column":null}},"2":{"start":{"line":12,"column":4},"end":{"line":12,"column":null}},"3":{"start":{"line":15,"column":2},"end":{"line":37,"column":null}},"4":{"start":{"line":41,"column":0},"end":{"line":41,"column":null}}},"fnMap":{"0":{"name":"(anonymous_0)","decl":{"start":{"line":10,"column":50},"end":{"line":10,"column":51}},"loc":{"start":{"line":10,"column":80},"end":{"line":39,"column":1}},"line":10},"1":{"name":"(anonymous_1)","decl":{"start":{"line":11,"column":34},"end":{"line":11,"column":40}},"loc":{"start":{"line":11,"column":40},"end":{"line":13,"column":5}},"line":11},"2":{"name":"(anonymous_2)","decl":{"start":{"line":12,"column":21},"end":{"line":12,"column":27}},"loc":{"start":{"line":12,"column":27},"end":{"line":12,"column":32}},"line":12}},"branchMap":{"0":{"loc":{"start":{"line":12,"column":5},"end":{"line":12,"column":32}},"type":"binary-expr","locations":[{"start":{"line":12,"column":5},"end":{"line":12,"column":21}},{"start":{"line":12,"column":21},"end":{"line":12,"column":32}}],"line":12}},"s":{"0":1,"1":6,"2":2,"3":6,"4":1},"f":{"0":6,"1":2,"2":1},"b":{"0":[2,1]},"meta":{"lastBranch":1,"lastFunction":3,"lastStatement":5,"seen":{"s:10:13:39:Infinity":0,"f:10:50:10:51":0,"s:11:8:13:Infinity":1,"f:11:34:11:40":1,"s:12:4:12:Infinity":2,"b:12:5:12:21:12:21:12:32":0,"f:12:21:12:27":2,"s:15:2:37:Infinity":3,"s:41:0:41:Infinity":4}}}
,"C:\\Users\\Nicole\\Documents\\GitHub\\Nicole_Grima_CCD6.3A - AFD\\portfolio\\src\\components\\ProjectFilter\\ProjectFilter.tsx": {"path":"C:\\Users\\Nicole\\Documents\\GitHub\\Nicole_Grima_CCD6.3A - AFD\\portfolio\\src\\components\\ProjectFilter\\ProjectFilter.tsx","statementMap":{"0":{"start":{"line":10,"column":13},"end":{"line":40,"column":null}},"1":{"start":{"line":12,"column":10},"end":{"line":17,"column":null}},"2":{"start":{"line":14,"column":8},"end":{"line":14,"column":null}},"3":{"start":{"line":19,"column":4},"end":{"line":37,"column":null}},"4":{"start":{"line":26,"column":10},"end":{"line":35,"column":null}},"5":{"start":{"line":28,"column":27},"end":{"line":28,"column":null}},"6":{"start":{"line":42,"column":0},"end":{"line":42,"column":null}}},"fnMap":{"0":{"name":"(anonymous_0)","decl":{"start":{"line":11,"column":2},"end":{"line":11,"column":3}},"loc":{"start":{"line":11,"column":54},"end":{"line":39,"column":null}},"line":11},"1":{"name":"(anonymous_1)","decl":{"start":{"line":13,"column":6},"end":{"line":13,"column":7}},"loc":{"start":{"line":13,"column":24},"end":{"line":15,"column":null}},"line":13},"2":{"name":"(anonymous_2)","decl":{"start":{"line":25,"column":26},"end":{"line":25,"column":27}},"loc":{"start":{"line":26,"column":10},"end":{"line":35,"column":null}},"line":26},"3":{"name":"(anonymous_3)","decl":{"start":{"line":28,"column":21},"end":{"line":28,"column":27}},"loc":{"start":{"line":28,"column":27},"end":{"line":28,"column":null}},"line":28}},"branchMap":{"0":{"loc":{"start":{"line":29,"column":49},"end":{"line":29,"column":103}},"type":"cond-expr","locations":[{"start":{"line":29,"column":73},"end":{"line":29,"column":101}},{"start":{"line":29,"column":101},"end":{"line":29,"column":103}}],"line":29}},"s":{"0":1,"1":3,"2":1,"3":3,"4":6,"5":1,"6":1},"f":{"0":3,"1":1,"2":6,"3":1},"b":{"0":[3,3]},"meta":{"lastBranch":1,"lastFunction":4,"lastStatement":7,"seen":{"s:10:13:40:Infinity":0,"f:11:2:11:3":0,"s:12:10:17:Infinity":1,"f:13:6:13:7":1,"s:14:8:14:Infinity":2,"s:19:4:37:Infinity":3,"f:25:26:25:27":2,"s:26:10:35:Infinity":4,"f:28:21:28:27":3,"s:28:27:28:Infinity":5,"b:29:73:29:101:29:101:29:103":0,"s:42:0:42:Infinity":6}}}
,"C:\\Users\\Nicole\\Documents\\GitHub\\Nicole_Grima_CCD6.3A - AFD\\portfolio\\src\\components\\TechStack\\TechStack.tsx": {"path":"C:\\Users\\Nicole\\Documents\\GitHub\\Nicole_Grima_CCD6.3A - AFD\\portfolio\\src\\components\\TechStack\\TechStack.tsx","statementMap":{"0":{"start":{"line":14,"column":13},"end":{"line":29,"column":null}},"1":{"start":{"line":15,"column":2},"end":{"line":28,"column":null}},"2":{"start":{"line":20,"column":12},"end":{"line":23,"column":null}},"3":{"start":{"line":31,"column":0},"end":{"line":31,"column":null}}},"fnMap":{"0":{"name":"(anonymous_0)","decl":{"start":{"line":14,"column":46},"end":{"line":14,"column":47}},"loc":{"start":{"line":15,"column":2},"end":{"line":28,"column":null}},"line":15},"1":{"name":"(anonymous_1)","decl":{"start":{"line":19,"column":44},"end":{"line":19,"column":45}},"loc":{"start":{"line":20,"column":12},"end":{"line":23,"column":null}},"line":20}},"branchMap":{},"s":{"0":1,"1":4,"2":16,"3":1},"f":{"0":4,"1":16},"b":{},"meta":{"lastBranch":0,"lastFunction":2,"lastStatement":4,"seen":{"s:14:13:29:Infinity":0,"f:14:46:14:47":0,"s:15:2:28:Infinity":1,"f:19:44:19:45":1,"s:20:12:23:Infinity":2,"s:31:0:31:Infinity":3}}}
,"C:\\Users\\Nicole\\Documents\\GitHub\\Nicole_Grima_CCD6.3A - AFD\\portfolio\\src\\components\\ThemeEffects\\ThemeEffects.tsx": {"path":"C:\\Users\\Nicole\\Documents\\GitHub\\Nicole_Grima_CCD6.3A - AFD\\portfolio\\src\\components\\ThemeEffects\\ThemeEffects.tsx","statementMap":{"0":{"start":{"line":15,"column":8},"end":{"line":15,"column":null}},"1":{"start":{"line":15,"column":41},"end":{"line":15,"column":57}},"2":{"start":{"line":17,"column":2},"end":{"line":26,"column":null}},"3":{"start":{"line":19,"column":4},"end":{"line":19,"column":null}},"4":{"start":{"line":22,"column":4},"end":{"line":22,"column":null}},"5":{"start":{"line":25,"column":4},"end":{"line":25,"column":null}},"6":{"start":{"line":29,"column":2},"end":{"line":29,"column":null}}},"fnMap":{"0":{"name":"ThemeEffects","decl":{"start":{"line":14,"column":24},"end":{"line":14,"column":39}},"loc":{"start":{"line":14,"column":39},"end":{"line":30,"column":null}},"line":14},"1":{"name":"(anonymous_1)","decl":{"start":{"line":15,"column":30},"end":{"line":15,"column":31}},"loc":{"start":{"line":15,"column":41},"end":{"line":15,"column":57}},"line":15},"2":{"name":"(anonymous_2)","decl":{"start":{"line":17,"column":12},"end":{"line":17,"column":18}},"loc":{"start":{"line":17,"column":18},"end":{"line":26,"column":5}},"line":17}},"branchMap":{},"s":{"0":1,"1":2,"2":1,"3":1,"4":1,"5":1,"6":1},"f":{"0":1,"1":2,"2":1},"b":{},"meta":{"lastBranch":0,"lastFunction":3,"lastStatement":7,"seen":{"f:14:24:14:39":0,"s:15:8:15:Infinity":0,"f:15:30:15:31":1,"s:15:41:15:57":1,"s:17:2:26:Infinity":2,"f:17:12:17:18":2,"s:19:4:19:Infinity":3,"s:22:4:22:Infinity":4,"s:25:4:25:Infinity":5,"s:29:2:29:Infinity":6}}}
,"C:\\Users\\Nicole\\Documents\\GitHub\\Nicole_Grima_CCD6.3A - AFD\\portfolio\\src\\data\\projects.json": {"path":"C:\\Users\\Nicole\\Documents\\GitHub\\Nicole_Grima_CCD6.3A - AFD\\portfolio\\src\\data\\projects.json","statementMap":{},"fnMap":{},"branchMap":{},"s":{},"f":{},"b":{},"meta":{"lastBranch":0,"lastFunction":0,"lastStatement":0,"seen":{}}}
,"C:\\Users\\Nicole\\Documents\\GitHub\\Nicole_Grima_CCD6.3A - AFD\\portfolio\\src\\pages\\Contact\\Contact.module.css": {"path":"C:\\Users\\Nicole\\Documents\\GitHub\\Nicole_Grima_CCD6.3A - AFD\\portfolio\\src\\pages\\Contact\\Contact.module.css","statementMap":{},"fnMap":{},"branchMap":{},"s":{},"f":{},"b":{},"meta":{"lastBranch":0,"lastFunction":0,"lastStatement":0,"seen":{}}}
,"C:\\Users\\Nicole\\Documents\\GitHub\\Nicole_Grima_CCD6.3A - AFD\\portfolio\\src\\pages\\Home\\HomePage.module.css": {"path":"C:\\Users\\Nicole\\Documents\\GitHub\\Nicole_Grima_CCD6.3A - AFD\\portfolio\\src\\pages\\Home\\HomePage.module.css","statementMap":{},"fnMap":{},"branchMap":{},"s":{},"f":{},"b":{},"meta":{"lastBranch":0,"lastFunction":0,"lastStatement":0,"seen":{}}}
,"C:\\Users\\Nicole\\Documents\\GitHub\\Nicole_Grima_CCD6.3A - AFD\\portfolio\\src\\pages\\Projects\\ProjectsPage.module.css": {"path":"C:\\Users\\Nicole\\Documents\\GitHub\\Nicole_Grima_CCD6.3A - AFD\\portfolio\\src\\pages\\Projects\\ProjectsPage.module.css","statementMap":{},"fnMap":{},"branchMap":{},"s":{},"f":{},"b":{},"meta":{"lastBranch":0,"lastFunction":0,"lastStatement":0,"seen":{}}}
,"C:\\Users\\Nicole\\Documents\\GitHub\\Nicole_Grima_CCD6.3A - AFD\\portfolio\\src\\store\\hooks.ts": {"path":"C:\\Users\\Nicole\\Documents\\GitHub\\Nicole_Grima_CCD6.3A - AFD\\portfolio\\src\\store\\hooks.ts","statementMap":{"0":{"start":{"line":4,"column":30},"end":{"line":4,"column":null}},"1":{"start":{"line":5,"column":30},"end":{"line":5,"column":null}}},"fnMap":{"0":{"name":"(anonymous_0)","decl":{"start":{"line":4,"column":30},"end":{"line":4,"column":36}},"loc":{"start":{"line":4,"column":30},"end":{"line":4,"column":null}},"line":4}},"branchMap":{},"s":{"0":21,"1":3},"f":{"0":21},"b":{},"meta":{"lastBranch":0,"lastFunction":1,"lastStatement":2,"seen":{"s:4:30:4:Infinity":0,"f:4:30:4:36":0,"s:5:30:5:Infinity":1}}}
,"C:\\Users\\Nicole\\Documents\\GitHub\\Nicole_Grima_CCD6.3A - AFD\\portfolio\\src\\store\\store.ts": {"path":"C:\\Users\\Nicole\\Documents\\GitHub\\Nicole_Grima_CCD6.3A - AFD\\portfolio\\src\\store\\store.ts","statementMap":{"0":{"start":{"line":6,"column":13},"end":{"line":12,"column":null}}},"fnMap":{},"branchMap":{},"s":{"0":4},"f":{},"b":{},"meta":{"lastBranch":0,"lastFunction":0,"lastStatement":1,"seen":{"s:6:13:12:Infinity":0}}}
,"C:\\Users\\Nicole\\Documents\\GitHub\\Nicole_Grima_CCD6.3A - AFD\\portfolio\\src\\store\\thunks.ts": {"path":"C:\\Users\\Nicole\\Documents\\GitHub\\Nicole_Grima_CCD6.3A - AFD\\portfolio\\src\\store\\thunks.ts","statementMap":{"0":{"start":{"line":10,"column":13},"end":{"line":20,"column":null}},"1":{"start":{"line":13,"column":4},"end":{"line":18,"column":null}},"2":{"start":{"line":14,"column":12},"end":{"line":14,"column":null}},"3":{"start":{"line":15,"column":6},"end":{"line":15,"column":null}},"4":{"start":{"line":17,"column":6},"end":{"line":17,"column":null}},"5":{"start":{"line":26,"column":13},"end":{"line":67,"column":null}},"6":{"start":{"line":29,"column":4},"end":{"line":65,"column":null}},"7":{"start":{"line":31,"column":45},"end":{"line":31,"column":null}},"8":{"start":{"line":32,"column":6},"end":{"line":32,"column":null}},"9":{"start":{"line":32,"column":33},"end":{"line":32,"column":null}},"10":{"start":{"line":33,"column":6},"end":{"line":36,"column":null}},"11":{"start":{"line":33,"column":34},"end":{"line":33,"column":null}},"12":{"start":{"line":33,"column":49},"end":{"line":36,"column":null}},"13":{"start":{"line":35,"column":8},"end":{"line":35,"column":null}},"14":{"start":{"line":37,"column":6},"end":{"line":37,"column":null}},"15":{"start":{"line":37,"column":36},"end":{"line":37,"column":null}},"16":{"start":{"line":38,"column":6},"end":{"line":41,"column":null}},"17":{"start":{"line":38,"column":36},"end":{"line":38,"column":null}},"18":{"start":{"line":38,"column":53},"end":{"line":41,"column":null}},"19":{"start":{"line":40,"column":8},"end":{"line":40,"column":null}},"20":{"start":{"line":43,"column":6},"end":{"line":45,"column":null}},"21":{"start":{"line":44,"column":8},"end":{"line":44,"column":null}},"22":{"start":{"line":48,"column":6},"end":{"line":48,"column":null}},"23":{"start":{"line":48,"column":37},"end":{"line":48,"column":62}},"24":{"start":{"line":59,"column":6},"end":{"line":62,"column":null}},"25":{"start":{"line":64,"column":6},"end":{"line":64,"column":null}}},"fnMap":{"0":{"name":"(anonymous_0)","decl":{"start":{"line":12,"column":2},"end":{"line":12,"column":9}},"loc":{"start":{"line":12,"column":36},"end":{"line":19,"column":null}},"line":12},"1":{"name":"(anonymous_1)","decl":{"start":{"line":28,"column":2},"end":{"line":28,"column":9}},"loc":{"start":{"line":28,"column":60},"end":{"line":66,"column":null}},"line":28},"2":{"name":"(anonymous_2)","decl":{"start":{"line":48,"column":24},"end":{"line":48,"column":25}},"loc":{"start":{"line":48,"column":37},"end":{"line":48,"column":62}},"line":48}},"branchMap":{"0":{"loc":{"start":{"line":17,"column":29},"end":{"line":17,"column":96}},"type":"cond-expr","locations":[{"start":{"line":17,"column":54},"end":{"line":17,"column":70}},{"start":{"line":17,"column":70},"end":{"line":17,"column":96}}],"line":17},"1":{"loc":{"start":{"line":32,"column":6},"end":{"line":32,"column":null}},"type":"if","locations":[{"start":{"line":32,"column":6},"end":{"line":32,"column":null}},{"start":{},"end":{}}],"line":32},"2":{"loc":{"start":{"line":33,"column":6},"end":{"line":36,"column":null}},"type":"if","locations":[{"start":{"line":33,"column":6},"end":{"line":36,"column":null}},{"start":{"line":33,"column":49},"end":{"line":36,"column":null}}],"line":33},"3":{"loc":{"start":{"line":33,"column":49},"end":{"line":36,"column":null}},"type":"if","locations":[{"start":{"line":33,"column":49},"end":{"line":36,"column":null}},{"start":{},"end":{}}],"line":33},"4":{"loc":{"start":{"line":37,"column":6},"end":{"line":37,"column":null}},"type":"if","locations":[{"start":{"line":37,"column":6},"end":{"line":37,"column":null}},{"start":{},"end":{}}],"line":37},"5":{"loc":{"start":{"line":38,"column":6},"end":{"line":41,"column":null}},"type":"if","locations":[{"start":{"line":38,"column":6},"end":{"line":41,"column":null}},{"start":{"line":38,"column":53},"end":{"line":41,"column":null}}],"line":38},"6":{"loc":{"start":{"line":38,"column":53},"end":{"line":41,"column":null}},"type":"if","locations":[{"start":{"line":38,"column":53},"end":{"line":41,"column":null}},{"start":{},"end":{}}],"line":38},"7":{"loc":{"start":{"line":43,"column":6},"end":{"line":45,"column":null}},"type":"if","locations":[{"start":{"line":43,"column":6},"end":{"line":45,"column":null}},{"start":{},"end":{}}],"line":43},"8":{"loc":{"start":{"line":64,"column":29},"end":{"line":64,"column":93}},"type":"cond-expr","locations":[{"start":{"line":64,"column":54},"end":{"line":64,"column":70}},{"start":{"line":64,"column":70},"end":{"line":64,"column":93}}],"line":64}},"s":{"0":8,"1":0,"2":0,"3":0,"4":0,"5":8,"6":2,"7":2,"8":2,"9":0,"10":2,"11":0,"12":2,"13":1,"14":2,"15":0,"16":2,"17":0,"18":2,"19":1,"20":2,"21":1,"22":1,"23":1,"24":1,"25":0},"f":{"0":0,"1":2,"2":1},"b":{"0":[0,0],"1":[0,2],"2":[0,2],"3":[1,1],"4":[0,2],"5":[0,2],"6":[1,1],"7":[1,1],"8":[0,0]},"meta":{"lastBranch":9,"lastFunction":3,"lastStatement":26,"seen":{"s:10:13:20:Infinity":0,"f:12:2:12:9":0,"s:13:4:18:Infinity":1,"s:14:12:14:Infinity":2,"s:15:6:15:Infinity":3,"s:17:6:17:Infinity":4,"b:17:54:17:70:17:70:17:96":0,"s:26:13:67:Infinity":5,"f:28:2:28:9":1,"s:29:4:65:Infinity":6,"s:31:45:31:Infinity":7,"b:32:6:32:Infinity:undefined:undefined:undefined:undefined":1,"s:32:6:32:Infinity":8,"s:32:33:32:Infinity":9,"b:33:6:36:Infinity:33:49:36:Infinity":2,"s:33:6:36:Infinity":10,"s:33:34:33:Infinity":11,"b:33:49:36:Infinity:undefined:undefined:undefined:undefined":3,"s:33:49:36:Infinity":12,"s:35:8:35:Infinity":13,"b:37:6:37:Infinity:undefined:undefined:undefined:undefined":4,"s:37:6:37:Infinity":14,"s:37:36:37:Infinity":15,"b:38:6:41:Infinity:38:53:41:Infinity":5,"s:38:6:41:Infinity":16,"s:38:36:38:Infinity":17,"b:38:53:41:Infinity:undefined:undefined:undefined:undefined":6,"s:38:53:41:Infinity":18,"s:40:8:40:Infinity":19,"b:43:6:45:Infinity:undefined:undefined:undefined:undefined":7,"s:43:6:45:Infinity":20,"s:44:8:44:Infinity":21,"s:48:6:48:Infinity":22,"f:48:24:48:25":2,"s:48:37:48:62":23,"s:59:6:62:Infinity":24,"s:64:6:64:Infinity":25,"b:64:54:64:70:64:70:64:93":8}}}
,"C:\\Users\\Nicole\\Documents\\GitHub\\Nicole_Grima_CCD6.3A - AFD\\portfolio\\src\\store\\slices\\contactSlice.ts": {"path":"C:\\Users\\Nicole\\Documents\\GitHub\\Nicole_Grima_CCD6.3A - AFD\\portfolio\\src\\store\\slices\\contactSlice.ts","statementMap":{"0":{"start":{"line":27,"column":35},"end":{"line":39,"column":null}},"1":{"start":{"line":41,"column":6},"end":{"line":112,"column":null}},"2":{"start":{"line":49,"column":31},"end":{"line":49,"column":null}},"3":{"start":{"line":50,"column":6},"end":{"line":50,"column":null}},"4":{"start":{"line":51,"column":6},"end":{"line":53,"column":null}},"5":{"start":{"line":52,"column":8},"end":{"line":52,"column":null}},"6":{"start":{"line":56,"column":6},"end":{"line":56,"column":null}},"7":{"start":{"line":59,"column":6},"end":{"line":59,"column":null}},"8":{"start":{"line":62,"column":6},"end":{"line":62,"column":null}},"9":{"start":{"line":65,"column":6},"end":{"line":65,"column":null}},"10":{"start":{"line":68,"column":6},"end":{"line":68,"column":null}},"11":{"start":{"line":71,"column":6},"end":{"line":71,"column":null}},"12":{"start":{"line":72,"column":6},"end":{"line":72,"column":null}},"13":{"start":{"line":75,"column":6},"end":{"line":75,"column":null}},"14":{"start":{"line":76,"column":6},"end":{"line":76,"column":null}},"15":{"start":{"line":77,"column":6},"end":{"line":77,"column":null}},"16":{"start":{"line":78,"column":6},"end":{"line":78,"column":null}},"17":{"start":{"line":81,"column":6},"end":{"line":81,"column":null}},"18":{"start":{"line":84,"column":6},"end":{"line":84,"column":null}},"19":{"start":{"line":88,"column":4},"end":{"line":110,"column":null}},"20":{"start":{"line":90,"column":8},"end":{"line":90,"column":null}},"21":{"start":{"line":91,"column":8},"end":{"line":91,"column":null}},"22":{"start":{"line":92,"column":8},"end":{"line":92,"column":null}},"23":{"start":{"line":95,"column":8},"end":{"line":95,"column":null}},"24":{"start":{"line":96,"column":8},"end":{"line":96,"column":null}},"25":{"start":{"line":97,"column":8},"end":{"line":97,"column":null}},"26":{"start":{"line":98,"column":8},"end":{"line":98,"column":null}},"27":{"start":{"line":99,"column":8},"end":{"line":99,"column":null}},"28":{"start":{"line":100,"column":8},"end":{"line":100,"column":null}},"29":{"start":{"line":103,"column":8},"end":{"line":103,"column":null}},"30":{"start":{"line":104,"column":8},"end":{"line":104,"column":null}},"31":{"start":{"line":105,"column":8},"end":{"line":109,"column":null}},"32":{"start":{"line":106,"column":10},"end":{"line":106,"column":null}},"33":{"start":{"line":108,"column":10},"end":{"line":108,"column":null}},"34":{"start":{"line":125,"column":4},"end":{"line":125,"column":null}}},"fnMap":{"0":{"name":"(anonymous_0)","decl":{"start":{"line":45,"column":21},"end":{"line":45,"column":null}},"loc":{"start":{"line":48,"column":9},"end":{"line":54,"column":null}},"line":48},"1":{"name":"(anonymous_1)","decl":{"start":{"line":55,"column":17},"end":{"line":55,"column":18}},"loc":{"start":{"line":55,"column":68},"end":{"line":57,"column":null}},"line":55},"2":{"name":"(anonymous_2)","decl":{"start":{"line":58,"column":15},"end":{"line":58,"column":16}},"loc":{"start":{"line":58,"column":61},"end":{"line":60,"column":null}},"line":58},"3":{"name":"(anonymous_3)","decl":{"start":{"line":61,"column":17},"end":{"line":61,"column":18}},"loc":{"start":{"line":61,"column":28},"end":{"line":63,"column":null}},"line":61},"4":{"name":"(anonymous_4)","decl":{"start":{"line":64,"column":16},"end":{"line":64,"column":17}},"loc":{"start":{"line":64,"column":59},"end":{"line":66,"column":null}},"line":64},"5":{"name":"(anonymous_5)","decl":{"start":{"line":67,"column":16},"end":{"line":67,"column":17}},"loc":{"start":{"line":67,"column":59},"end":{"line":69,"column":null}},"line":67},"6":{"name":"(anonymous_6)","decl":{"start":{"line":70,"column":14},"end":{"line":70,"column":15}},"loc":{"start":{"line":70,"column":63},"end":{"line":73,"column":null}},"line":70},"7":{"name":"(anonymous_7)","decl":{"start":{"line":74,"column":15},"end":{"line":74,"column":16}},"loc":{"start":{"line":74,"column":26},"end":{"line":79,"column":null}},"line":74},"8":{"name":"(anonymous_8)","decl":{"start":{"line":80,"column":26},"end":{"line":80,"column":27}},"loc":{"start":{"line":80,"column":37},"end":{"line":82,"column":null}},"line":80},"9":{"name":"(anonymous_9)","decl":{"start":{"line":83,"column":22},"end":{"line":83,"column":23}},"loc":{"start":{"line":83,"column":33},"end":{"line":85,"column":null}},"line":83},"10":{"name":"(anonymous_10)","decl":{"start":{"line":87,"column":17},"end":{"line":87,"column":18}},"loc":{"start":{"line":87,"column":30},"end":{"line":111,"column":null}},"line":87},"11":{"name":"(anonymous_11)","decl":{"start":{"line":89,"column":42},"end":{"line":89,"column":43}},"loc":{"start":{"line":89,"column":53},"end":{"line":93,"column":7}},"line":89},"12":{"name":"(anonymous_12)","decl":{"start":{"line":94,"column":44},"end":{"line":94,"column":45}},"loc":{"start":{"line":94,"column":55},"end":{"line":101,"column":7}},"line":94},"13":{"name":"(anonymous_13)","decl":{"start":{"line":102,"column":43},"end":{"line":102,"column":44}},"loc":{"start":{"line":102,"column":62},"end":{"line":110,"column":7}},"line":102}},"branchMap":{"0":{"loc":{"start":{"line":51,"column":6},"end":{"line":53,"column":null}},"type":"if","locations":[{"start":{"line":51,"column":6},"end":{"line":53,"column":null}},{"start":{},"end":{}}],"line":51},"1":{"loc":{"start":{"line":105,"column":8},"end":{"line":109,"column":null}},"type":"if","locations":[{"start":{"line":105,"column":8},"end":{"line":109,"column":null}},{"start":{"line":107,"column":15},"end":{"line":109,"column":null}}],"line":105},"2":{"loc":{"start":{"line":105,"column":12},"end":{"line":105,"column":75}},"type":"binary-expr","locations":[{"start":{"line":105,"column":12},"end":{"line":105,"column":50}},{"start":{"line":105,"column":50},"end":{"line":105,"column":75}}],"line":105},"3":{"loc":{"start":{"line":108,"column":25},"end":{"line":108,"column":null}},"type":"binary-expr","locations":[{"start":{"line":108,"column":25},"end":{"line":108,"column":54}},{"start":{"line":108,"column":54},"end":{"line":108,"column":null}}],"line":108}},"s":{"0":6,"1":6,"2":2,"3":2,"4":2,"5":1,"6":1,"7":1,"8":1,"9":1,"10":1,"11":2,"12":2,"13":2,"14":2,"15":2,"16":2,"17":1,"18":1,"19":6,"20":1,"21":1,"22":1,"23":1,"24":1,"25":1,"26":1,"27":1,"28":1,"29":5,"30":5,"31":5,"32":2,"33":3,"34":6},"f":{"0":2,"1":1,"2":1,"3":1,"4":1,"5":1,"6":2,"7":2,"8":1,"9":1,"10":6,"11":1,"12":1,"13":5},"b":{"0":[1,1],"1":[2,3],"2":[5,2],"3":[3,1]},"meta":{"lastBranch":4,"lastFunction":14,"lastStatement":35,"seen":{"s:27:35:39:Infinity":0,"s:41:6:112:Infinity":1,"f:45:21:45:Infinity":0,"s:49:31:49:Infinity":2,"s:50:6:50:Infinity":3,"b:51:6:53:Infinity:undefined:undefined:undefined:undefined":0,"s:51:6:53:Infinity":4,"s:52:8:52:Infinity":5,"f:55:17:55:18":1,"s:56:6:56:Infinity":6,"f:58:15:58:16":2,"s:59:6:59:Infinity":7,"f:61:17:61:18":3,"s:62:6:62:Infinity":8,"f:64:16:64:17":4,"s:65:6:65:Infinity":9,"f:67:16:67:17":5,"s:68:6:68:Infinity":10,"f:70:14:70:15":6,"s:71:6:71:Infinity":11,"s:72:6:72:Infinity":12,"f:74:15:74:16":7,"s:75:6:75:Infinity":13,"s:76:6:76:Infinity":14,"s:77:6:77:Infinity":15,"s:78:6:78:Infinity":16,"f:80:26:80:27":8,"s:81:6:81:Infinity":17,"f:83:22:83:23":9,"s:84:6:84:Infinity":18,"f:87:17:87:18":10,"s:88:4:110:Infinity":19,"f:89:42:89:43":11,"s:90:8:90:Infinity":20,"s:91:8:91:Infinity":21,"s:92:8:92:Infinity":22,"f:94:44:94:45":12,"s:95:8:95:Infinity":23,"s:96:8:96:Infinity":24,"s:97:8:97:Infinity":25,"s:98:8:98:Infinity":26,"s:99:8:99:Infinity":27,"s:100:8:100:Infinity":28,"f:102:43:102:44":13,"s:103:8:103:Infinity":29,"s:104:8:104:Infinity":30,"b:105:8:109:Infinity:107:15:109:Infinity":1,"s:105:8:109:Infinity":31,"b:105:12:105:50:105:50:105:75":2,"s:106:10:106:Infinity":32,"s:108:10:108:Infinity":33,"b:108:25:108:54:108:54:108:Infinity":3,"s:125:4:125:Infinity":34}}}
,"C:\\Users\\Nicole\\Documents\\GitHub\\Nicole_Grima_CCD6.3A - AFD\\portfolio\\src\\store\\slices\\projectsSlice.ts": {"path":"C:\\Users\\Nicole\\Documents\\GitHub\\Nicole_Grima_CCD6.3A - AFD\\portfolio\\src\\store\\slices\\projectsSlice.ts","statementMap":{"0":{"start":{"line":23,"column":36},"end":{"line":29,"column":null}},"1":{"start":{"line":31,"column":6},"end":{"line":72,"column":null}},"2":{"start":{"line":36,"column":6},"end":{"line":36,"column":null}},"3":{"start":{"line":37,"column":6},"end":{"line":37,"column":null}},"4":{"start":{"line":40,"column":6},"end":{"line":40,"column":null}},"5":{"start":{"line":43,"column":6},"end":{"line":43,"column":null}},"6":{"start":{"line":46,"column":6},"end":{"line":46,"column":null}},"7":{"start":{"line":49,"column":6},"end":{"line":49,"column":null}},"8":{"start":{"line":50,"column":6},"end":{"line":50,"column":null}},"9":{"start":{"line":53,"column":6},"end":{"line":53,"column":null}},"10":{"start":{"line":57,"column":4},"end":{"line":70,"column":null}},"11":{"start":{"line":59,"column":8},"end":{"line":59,"column":null}},"12":{"start":{"line":60,"column":8},"end":{"line":60,"column":null}},"13":{"start":{"line":63,"column":8},"end":{"line":63,"column":null}},"14":{"start":{"line":64,"column":8},"end":{"line":64,"column":null}},"15":{"start":{"line":65,"column":8},"end":{"line":65,"column":null}},"16":{"start":{"line":68,"column":8},"end":{"line":68,"column":null}},"17":{"start":{"line":69,"column":8},"end":{"line":69,"column":null}},"18":{"start":{"line":75,"column":2},"end":{"line":75,"column":null}}},"fnMap":{"0":{"name":"(anonymous_0)","decl":{"start":{"line":35,"column":17},"end":{"line":35,"column":18}},"loc":{"start":{"line":35,"column":62},"end":{"line":38,"column":null}},"line":35},"1":{"name":"(anonymous_1)","decl":{"start":{"line":39,"column":19},"end":{"line":39,"column":20}},"loc":{"start":{"line":39,"column":69},"end":{"line":41,"column":null}},"line":39},"2":{"name":"(anonymous_2)","decl":{"start":{"line":42,"column":21},"end":{"line":42,"column":22}},"loc":{"start":{"line":42,"column":63},"end":{"line":44,"column":null}},"line":42},"3":{"name":"(anonymous_3)","decl":{"start":{"line":45,"column":16},"end":{"line":45,"column":17}},"loc":{"start":{"line":45,"column":59},"end":{"line":47,"column":null}},"line":45},"4":{"name":"(anonymous_4)","decl":{"start":{"line":48,"column":14},"end":{"line":48,"column":15}},"loc":{"start":{"line":48,"column":63},"end":{"line":51,"column":null}},"line":48},"5":{"name":"(anonymous_5)","decl":{"start":{"line":52,"column":16},"end":{"line":52,"column":17}},"loc":{"start":{"line":52,"column":27},"end":{"line":54,"column":null}},"line":52},"6":{"name":"(anonymous_6)","decl":{"start":{"line":56,"column":17},"end":{"line":56,"column":18}},"loc":{"start":{"line":56,"column":30},"end":{"line":71,"column":null}},"line":56},"7":{"name":"(anonymous_7)","decl":{"start":{"line":58,"column":38},"end":{"line":58,"column":39}},"loc":{"start":{"line":58,"column":49},"end":{"line":61,"column":7}},"line":58},"8":{"name":"(anonymous_8)","decl":{"start":{"line":62,"column":40},"end":{"line":62,"column":41}},"loc":{"start":{"line":62,"column":59},"end":{"line":66,"column":7}},"line":62},"9":{"name":"(anonymous_9)","decl":{"start":{"line":67,"column":39},"end":{"line":67,"column":40}},"loc":{"start":{"line":67,"column":58},"end":{"line":70,"column":7}},"line":67}},"branchMap":{"0":{"loc":{"start":{"line":69,"column":23},"end":{"line":69,"column":null}},"type":"binary-expr","locations":[{"start":{"line":69,"column":23},"end":{"line":69,"column":52}},{"start":{"line":69,"column":52},"end":{"line":69,"column":null}}],"line":69}},"s":{"0":5,"1":5,"2":2,"3":2,"4":2,"5":2,"6":2,"7":2,"8":2,"9":1,"10":5,"11":1,"12":1,"13":1,"14":1,"15":1,"16":2,"17":2,"18":5},"f":{"0":2,"1":2,"2":2,"3":2,"4":2,"5":1,"6":5,"7":1,"8":1,"9":2},"b":{"0":[2,1]},"meta":{"lastBranch":1,"lastFunction":10,"lastStatement":19,"seen":{"s:23:36:29:Infinity":0,"s:31:6:72:Infinity":1,"f:35:17:35:18":0,"s:36:6:36:Infinity":2,"s:37:6:37:Infinity":3,"f:39:19:39:20":1,"s:40:6:40:Infinity":4,"f:42:21:42:22":2,"s:43:6:43:Infinity":5,"f:45:16:45:17":3,"s:46:6:46:Infinity":6,"f:48:14:48:15":4,"s:49:6:49:Infinity":7,"s:50:6:50:Infinity":8,"f:52:16:52:17":5,"s:53:6:53:Infinity":9,"f:56:17:56:18":6,"s:57:4:70:Infinity":10,"f:58:38:58:39":7,"s:59:8:59:Infinity":11,"s:60:8:60:Infinity":12,"f:62:40:62:41":8,"s:63:8:63:Infinity":13,"s:64:8:64:Infinity":14,"s:65:8:65:Infinity":15,"f:67:39:67:40":9,"s:68:8:68:Infinity":16,"s:69:8:69:Infinity":17,"b:69:23:69:52:69:52:69:Infinity":0,"s:75:2:75:Infinity":18}}}
,"C:\\Users\\Nicole\\Documents\\GitHub\\Nicole_Grima_CCD6.3A - AFD\\portfolio\\src\\store\\slices\\themeSlice.ts": {"path":"C:\\Users\\Nicole\\Documents\\GitHub\\Nicole_Grima_CCD6.3A - AFD\\portfolio\\src\\store\\slices\\themeSlice.ts","statementMap":{"0":{"start":{"line":15,"column":30},"end":{"line":19,"column":null}},"1":{"start":{"line":16,"column":2},"end":{"line":16,"column":null}},"2":{"start":{"line":16,"column":37},"end":{"line":16,"column":null}},"3":{"start":{"line":17,"column":16},"end":{"line":17,"column":null}},"4":{"start":{"line":18,"column":2},"end":{"line":18,"column":null}},"5":{"start":{"line":21,"column":39},"end":{"line":24,"column":null}},"6":{"start":{"line":22,"column":2},"end":{"line":22,"column":null}},"7":{"start":{"line":22,"column":37},"end":{"line":22,"column":null}},"8":{"start":{"line":23,"column":2},"end":{"line":23,"column":null}},"9":{"start":{"line":26,"column":33},"end":{"line":31,"column":null}},"10":{"start":{"line":33,"column":6},"end":{"line":53,"column":null}},"11":{"start":{"line":38,"column":6},"end":{"line":38,"column":null}},"12":{"start":{"line":41,"column":6},"end":{"line":41,"column":null}},"13":{"start":{"line":44,"column":6},"end":{"line":44,"column":null}},"14":{"start":{"line":47,"column":6},"end":{"line":47,"column":null}},"15":{"start":{"line":50,"column":6},"end":{"line":50,"column":null}},"16":{"start":{"line":56,"column":2},"end":{"line":56,"column":null}}},"fnMap":{"0":{"name":"(anonymous_0)","decl":{"start":{"line":15,"column":30},"end":{"line":15,"column":47}},"loc":{"start":{"line":15,"column":47},"end":{"line":19,"column":null}},"line":15},"1":{"name":"(anonymous_1)","decl":{"start":{"line":21,"column":39},"end":{"line":21,"column":54}},"loc":{"start":{"line":21,"column":54},"end":{"line":24,"column":null}},"line":21},"2":{"name":"(anonymous_2)","decl":{"start":{"line":37,"column":17},"end":{"line":37,"column":18}},"loc":{"start":{"line":37,"column":28},"end":{"line":39,"column":null}},"line":37},"3":{"name":"(anonymous_3)","decl":{"start":{"line":40,"column":14},"end":{"line":40,"column":15}},"loc":{"start":{"line":40,"column":59},"end":{"line":42,"column":null}},"line":40},"4":{"name":"(anonymous_4)","decl":{"start":{"line":43,"column":17},"end":{"line":43,"column":18}},"loc":{"start":{"line":43,"column":81},"end":{"line":45,"column":null}},"line":43},"5":{"name":"(anonymous_5)","decl":{"start":{"line":46,"column":24},"end":{"line":46,"column":25}},"loc":{"start":{"line":46,"column":35},"end":{"line":48,"column":null}},"line":46},"6":{"name":"(anonymous_6)","decl":{"start":{"line":49,"column":22},"end":{"line":49,"column":23}},"loc":{"start":{"line":49,"column":65},"end":{"line":51,"column":null}},"line":49}},"branchMap":{"0":{"loc":{"start":{"line":16,"column":2},"end":{"line":16,"column":null}},"type":"if","locations":[{"start":{"line":16,"column":2},"end":{"line":16,"column":null}},{"start":{},"end":{}}],"line":16},"1":{"loc":{"start":{"line":18,"column":9},"end":{"line":18,"column":null}},"type":"cond-expr","locations":[{"start":{"line":18,"column":49},"end":{"line":18,"column":57}},{"start":{"line":18,"column":57},"end":{"line":18,"column":null}}],"line":18},"2":{"loc":{"start":{"line":18,"column":9},"end":{"line":18,"column":49}},"type":"binary-expr","locations":[{"start":{"line":18,"column":9},"end":{"line":18,"column":30}},{"start":{"line":18,"column":30},"end":{"line":18,"column":49}}],"line":18},"3":{"loc":{"start":{"line":22,"column":2},"end":{"line":22,"column":null}},"type":"if","locations":[{"start":{"line":22,"column":2},"end":{"line":22,"column":null}},{"start":{},"end":{}}],"line":22},"4":{"loc":{"start":{"line":38,"column":19},"end":{"line":38,"column":null}},"type":"cond-expr","locations":[{"start":{"line":38,"column":43},"end":{"line":38,"column":53}},{"start":{"line":38,"column":53},"end":{"line":38,"column":null}}],"line":38}},"s":{"0":5,"1":8,"2":1,"3":7,"4":7,"5":5,"6":8,"7":1,"8":7,"9":5,"10":5,"11":5,"12":2,"13":3,"14":3,"15":2,"16":5},"f":{"0":8,"1":8,"2":5,"3":2,"4":3,"5":3,"6":2},"b":{"0":[1,7],"1":[1,6],"2":[7,6],"3":[1,7],"4":[3,2]},"meta":{"lastBranch":5,"lastFunction":7,"lastStatement":17,"seen":{"s:15:30:19:Infinity":0,"f:15:30:15:47":0,"b:16:2:16:Infinity:undefined:undefined:undefined:undefined":0,"s:16:2:16:Infinity":1,"s:16:37:16:Infinity":2,"s:17:16:17:Infinity":3,"s:18:2:18:Infinity":4,"b:18:49:18:57:18:57:18:Infinity":1,"b:18:9:18:30:18:30:18:49":2,"s:21:39:24:Infinity":5,"f:21:39:21:54":1,"b:22:2:22:Infinity:undefined:undefined:undefined:undefined":3,"s:22:2:22:Infinity":6,"s:22:37:22:Infinity":7,"s:23:2:23:Infinity":8,"s:26:33:31:Infinity":9,"s:33:6:53:Infinity":10,"f:37:17:37:18":2,"s:38:6:38:Infinity":11,"b:38:43:38:53:38:53:38:Infinity":4,"f:40:14:40:15":3,"s:41:6:41:Infinity":12,"f:43:17:43:18":4,"s:44:6:44:Infinity":13,"f:46:24:46:25":5,"s:47:6:47:Infinity":14,"f:49:22:49:23":6,"s:50:6:50:Infinity":15,"s:56:2:56:Infinity":16}}}
}
